[ 2018-03-30T08:54:09+08:00 ] ::1 /thinkphp3/index.php/index/bbb
INFO: [ app_init ] --START--
INFO: Run Behavior\BuildLiteBehavior [ RunTime:0.000014s ]
INFO: [ app_init ] --END-- [ RunTime:0.155849s ]
INFO: [ app_begin ] --START--
INFO: Run Behavior\ReadHtmlCacheBehavior [ RunTime:0.097258s ]
INFO: [ app_begin ] --END-- [ RunTime:0.097340s ]
INFO: [ app_end ] --START--
INFO: Run Behavior\ShowPageTraceBehavior [ RunTime:0.148870s ]
INFO: [ app_end ] --END-- [ RunTime:0.148966s ]

[ 2018-03-30T09:00:21+08:00 ] ::1 /thinkphp3/index.php/index/bbb
INFO: [ app_init ] --START--
INFO: Run Behavior\BuildLiteBehavior [ RunTime:0.000059s ]
INFO: [ app_init ] --END-- [ RunTime:0.000969s ]
INFO: [ app_begin ] --START--
INFO: Run Behavior\ReadHtmlCacheBehavior [ RunTime:0.001096s ]
INFO: [ app_begin ] --END-- [ RunTime:0.001206s ]
INFO: [ app_end ] --START--
INFO: Run Behavior\ShowPageTraceBehavior [ RunTime:0.001357s ]
INFO: [ app_end ] --END-- [ RunTime:0.001475s ]

